0 info it worked if it ends with ok
1 verbose cli [ '/usr/local/Cellar/node/8.1.3/bin/node',
1 verbose cli   '/usr/local/bin/npm',
1 verbose cli   'run',
1 verbose cli   'test' ]
2 info using npm@3.10.10
3 info using node@v6.10.3
4 verbose run-script [ 'pretest', 'test', 'posttest' ]
5 info lifecycle 4loop@0.0.1~pretest: 4loop@0.0.1
6 silly lifecycle 4loop@0.0.1~pretest: no script for pretest, continuing
7 info lifecycle 4loop@0.0.1~test: 4loop@0.0.1
8 verbose lifecycle 4loop@0.0.1~test: unsafe-perm in lifecycle true
9 verbose lifecycle 4loop@0.0.1~test: PATH: /usr/local/lib/node_modules/npm/bin/node-gyp-bin:/Users/raymondborkowski/Projects/4loop/node_modules/.bin:/usr/local/Cellar/node/8.1.3/bin:/Users/raymondborkowski/.rbenv/shims:/Users/raymondborkowski/.rbenv/bin:/usr/local/bin:/Users/raymondborkowski/.rbenv/shims:/Users/raymondborkowski/local/bin:/usr/local/mysql/bin:/usr/local/bin:/usr/local/bin:/Users/raymondborkowski/.jenv/shims:/usr/local/bin:/usr/bin:/bin:/usr/sbin:/sbin:/Users/raymondborkowski/.rbenv/shims:/Users/raymondborkowski/.rbenv/bin:/Users/raymondborkowski/bin:/Users/raymondborkowski/.rvm/bin
10 verbose lifecycle 4loop@0.0.1~test: CWD: /Users/raymondborkowski/Projects/4loop
11 silly lifecycle 4loop@0.0.1~test: Args: [ '-c', 'eslint . && node ./test/run' ]
12 silly lifecycle 4loop@0.0.1~test: Returned: code: 1  signal: null
13 info lifecycle 4loop@0.0.1~test: Failed to exec test script
14 verbose stack Error: 4loop@0.0.1 test: `eslint . && node ./test/run`
14 verbose stack Exit status 1
14 verbose stack     at EventEmitter.<anonymous> (/usr/local/lib/node_modules/npm/lib/utils/lifecycle.js:255:16)
14 verbose stack     at emitTwo (events.js:106:13)
14 verbose stack     at EventEmitter.emit (events.js:191:7)
14 verbose stack     at ChildProcess.<anonymous> (/usr/local/lib/node_modules/npm/lib/utils/spawn.js:40:14)
14 verbose stack     at emitTwo (events.js:106:13)
14 verbose stack     at ChildProcess.emit (events.js:191:7)
14 verbose stack     at maybeClose (internal/child_process.js:886:16)
14 verbose stack     at Process.ChildProcess._handle.onexit (internal/child_process.js:226:5)
15 verbose pkgid 4loop@0.0.1
16 verbose cwd /Users/raymondborkowski/Projects/4loop
17 error Darwin 17.0.0
18 error argv "/usr/local/Cellar/node/8.1.3/bin/node" "/usr/local/bin/npm" "run" "test"
19 error node v6.10.3
20 error npm  v3.10.10
21 error code ELIFECYCLE
22 error 4loop@0.0.1 test: `eslint . && node ./test/run`
22 error Exit status 1
23 error Failed at the 4loop@0.0.1 test script 'eslint . && node ./test/run'.
23 error Make sure you have the latest version of node.js and npm installed.
23 error If you do, this is most likely a problem with the 4loop package,
23 error not with npm itself.
23 error Tell the author that this fails on your system:
23 error     eslint . && node ./test/run
23 error You can get information on how to open an issue for this project with:
23 error     npm bugs 4loop
23 error Or if that isn't available, you can get their info via:
23 error     npm owner ls 4loop
23 error There is likely additional logging output above.
24 verbose exit [ 1, true ]
